Arguments: 
  /home/jimmy/.volta/tools/image/node/18.18.2/bin/node /home/jimmy/.volta/tools/image/yarn/1.22.19/bin/yarn.js add -P @oi/eslint-config eslint eslint-import-resolver-alias eslint-plugin-vue eslint-plugin-vue-pug

PATH: 
  /home/jimmy/.volta/tools/image/yarn/1.22.19/bin:/home/jimmy/.volta/tools/image/node/18.18.2/bin:/home/jimmy/.volta/bin:/home/jimmy/.volta/bin:/usr/local/sbin:/usr/local/bin:/usr/sbin:/usr/bin:/sbin:/bin:/usr/games:/usr/local/games:/usr/lib/wsl/lib:/mnt/c/Windows/system32:/mnt/c/Windows:/mnt/c/Windows/System32/Wbem:/mnt/c/Windows/System32/WindowsPowerShell/v1.0/:/mnt/c/Windows/System32/OpenSSH/:/mnt/c/Program Files/PowerShell/7/:/mnt/c/Users/rekwi/AppData/Local/Microsoft/WindowsApps:/mnt/c/Users/rekwi/AppData/Local/Programs/Microsoft VS Code/bin:/snap/bin

Yarn version: 
  1.22.19

Node version: 
  18.18.2

Platform: 
  linux x64

Trace: 
  Error: https://registry.yarnpkg.com/@oi%2feslint-config: Not found
      at params.callback [as _callback] (/home/jimmy/.volta/tools/image/yarn/1.22.19/lib/cli.js:66145:18)
      at self.callback (/home/jimmy/.volta/tools/image/yarn/1.22.19/lib/cli.js:140890:22)
      at Request.emit (node:events:517:28)
      at Request.<anonymous> (/home/jimmy/.volta/tools/image/yarn/1.22.19/lib/cli.js:141862:10)
      at Request.emit (node:events:517:28)
      at IncomingMessage.<anonymous> (/home/jimmy/.volta/tools/image/yarn/1.22.19/lib/cli.js:141784:12)
      at Object.onceWrapper (node:events:631:28)
      at IncomingMessage.emit (node:events:529:35)
      at endReadableNT (node:internal/streams/readable:1368:12)
      at process.processTicksAndRejections (node:internal/process/task_queues:82:21)

npm manifest: 
  {
    "name": "@oi/eslint-config-nuxt",
    "version": "1.0.0",
    "main": "index.js",
    "license": "MIT"
  }

yarn manifest: 
  No manifest

Lockfile: 
  # THIS IS AN AUTOGENERATED FILE. DO NOT EDIT THIS FILE DIRECTLY.
  # yarn lockfile v1
